<?xml version="1.0" encoding="utf-8"?><testsuites name="pytest tests"><testsuite name="pytest" errors="0" failures="0" skipped="0" tests="19" time="41.599" timestamp="2026-09-01T20:48:54.942670+00:00" hostname="agent-env-ae0c1d12-58f1-49c4-85e1-9e42006634dc"><testcase classname="tests.test_autodelegate.TestMeetings" name="test_root" time="0.465" /><testcase classname="tests.test_autodelegate.TestMeetings" name="test_create_empty_transcript" time="0.176" /><testcase classname="tests.test_autodelegate.TestMeetings" name="test_get_meeting" time="0.176" /><testcase classname="tests.test_autodelegate.TestMeetings" name="test_get_missing" time="0.083" /><testcase classname="tests.test_autodelegate.TestAnalyze" name="test_summary_and_actions" time="18.609" /><testcase classname="tests.test_autodelegate.TestAnalyze" name="test_action_routing" time="0.000" /><testcase classname="tests.test_autodelegate.TestAnalyze" name="test_opinions_not_all_tasks" time="0.000" /><testcase classname="tests.test_autodelegate.TestAnalyze" name="test_analyze_missing_meeting" time="0.085" /><testcase classname="tests.test_autodelegate.TestEditExecute" name="test_execute_before_approval_rejected" time="0.082" /><testcase classname="tests.test_autodelegate.TestEditExecute" name="test_edit_action_fields" time="0.087" /><testcase classname="tests.test_autodelegate.TestEditExecute" name="test_approve_and_execute_demo" time="0.165" /><testcase classname="tests.test_autodelegate.TestEditExecute" name="test_edit_missing_action" time="0.092" /><testcase classname="tests.test_autodelegate.TestUploadAudio" name="test_reject_bad_ext" time="0.241" /><testcase classname="tests.test_autodelegate.TestSlackRoutingAndHistory" name="test_slack_action_present" time="24.226" /><testcase classname="tests.test_autodelegate.TestSlackRoutingAndHistory" name="test_jira_and_calendar_still_route" time="0.000" /><testcase classname="tests.test_autodelegate.TestSlackRoutingAndHistory" name="test_execute_slack_demo" time="0.165" /><testcase classname="tests.test_autodelegate.TestSlackRoutingAndHistory" name="test_list_meetings" time="0.085" /><testcase classname="tests.test_autodelegate.TestSlackRoutingAndHistory" name="test_meetings_newest_first" time="0.094" /><testcase classname="tests.test_autodelegate.TestSlackRoutingAndHistory" name="test_edit_action_slack_type" time="16.482" /></testsuite></testsuites>