<?xml version="1.0" encoding="utf-8"?><testsuites name="pytest tests"><testsuite name="pytest" errors="0" failures="0" skipped="0" tests="27" time="102.901" timestamp="2026-09-01T21:35:38.004299+00:00" hostname="agent-env-ae0c1d12-58f1-49c4-85e1-9e42006634dc"><testcase classname="tests.test_autodelegate.TestMeetings" name="test_root" time="0.320" /><testcase classname="tests.test_autodelegate.TestMeetings" name="test_create_empty_transcript" time="0.077" /><testcase classname="tests.test_autodelegate.TestMeetings" name="test_get_meeting" time="0.194" /><testcase classname="tests.test_autodelegate.TestMeetings" name="test_get_missing" time="0.079" /><testcase classname="tests.test_autodelegate.TestAnalyze" name="test_summary_and_actions" time="15.870" /><testcase classname="tests.test_autodelegate.TestAnalyze" name="test_action_routing" time="0.000" /><testcase classname="tests.test_autodelegate.TestAnalyze" name="test_opinions_not_all_tasks" time="0.000" /><testcase classname="tests.test_autodelegate.TestAnalyze" name="test_analyze_missing_meeting" time="0.086" /><testcase classname="tests.test_autodelegate.TestEditExecute" name="test_execute_before_approval_rejected" time="0.079" /><testcase classname="tests.test_autodelegate.TestEditExecute" name="test_edit_action_fields" time="0.083" /><testcase classname="tests.test_autodelegate.TestEditExecute" name="test_approve_and_execute_demo" time="0.156" /><testcase classname="tests.test_autodelegate.TestEditExecute" name="test_edit_missing_action" time="0.074" /><testcase classname="tests.test_autodelegate.TestRoadmap" name="test_roadmap_before_analyze_400" time="0.166" /><testcase classname="tests.test_autodelegate.TestRoadmap" name="test_roadmap_missing_meeting" time="0.075" /><testcase classname="tests.test_autodelegate.TestRoadmap" name="test_analyze_then_roadmap" time="51.016" /><testcase classname="tests.test_autodelegate.TestSlackRoutingAndHistory" name="test_slack_action_present" time="19.961" /><testcase classname="tests.test_autodelegate.TestSlackRoutingAndHistory" name="test_jira_and_calendar_still_route" time="0.000" /><testcase classname="tests.test_autodelegate.TestSlackRoutingAndHistory" name="test_execute_slack_demo" time="0.193" /><testcase classname="tests.test_autodelegate.TestSlackRoutingAndHistory" name="test_list_meetings" time="0.088" /><testcase classname="tests.test_autodelegate.TestSlackRoutingAndHistory" name="test_meetings_newest_first" time="0.108" /><testcase classname="tests.test_autodelegate.TestUploadAudio" name="test_reject_bad_ext" time="0.238" /><testcase classname="tests.test_autodelegate.TestInferActionType" name="test_infer" time="1.634" /><testcase classname="tests.test_autodelegate.TestSlackRoutingAndHistoryExtra" name="test_edit_action_slack_type" time="18.887" /><testcase classname="tests.test_autodelegate.TestRoadmap" name="test_roadmap_persisted_on_get" time="0.181" /><testcase classname="tests.test_autodelegate.TestRoadmapToActions" name="test_requires_roadmap_400" time="0.077" /><testcase classname="tests.test_autodelegate.TestRoadmapToActions" name="test_missing_meeting_404" time="0.076" /><testcase classname="tests.test_autodelegate.TestRoadmapToActions" name="test_push_roadmap_dedupes" time="33.427" /></testsuite></testsuites>